0 info it worked if it ends with ok
1 verbose cli [ '/usr/local/Cellar/node/0.8.16/bin/node',
1 verbose cli   '/usr/local/bin/npm',
1 verbose cli   'publish' ]
2 info using npm@1.1.69
3 info using node@v0.8.16
4 verbose publish [ '.' ]
5 verbose read json /Users/admin/Projects/lab/Slider/package.json
6 verbose cache add [ '.', null ]
7 silly cache add name=undefined spec="." args=[".",null]
8 verbose parsed url { pathname: '.', path: '.', href: '.' }
9 silly lockFile 3a52ce78- .
10 verbose lock . /Users/admin/.npm/3a52ce78-.lock
11 verbose read json package.json
12 verbose tar pack [ '/var/folders/h2/zsbxnn_53c52sxnmp3jhp4th0000gn/T/npm-2235/1358164471805-0.6427845603320748/tmp.tgz',
12 verbose tar pack   '.' ]
13 verbose tarball /var/folders/h2/zsbxnn_53c52sxnmp3jhp4th0000gn/T/npm-2235/1358164471805-0.6427845603320748/tmp.tgz
14 verbose folder .
15 info prepublish slider@1.0.3
16 silly lockFile d0b2e917-71805-0-6427845603320748-tmp-tgz /var/folders/h2/zsbxnn_53c52sxnmp3jhp4th0000gn/T/npm-2235/1358164471805-0.6427845603320748/tmp.tgz
17 verbose lock /var/folders/h2/zsbxnn_53c52sxnmp3jhp4th0000gn/T/npm-2235/1358164471805-0.6427845603320748/tmp.tgz /Users/admin/.npm/d0b2e917-71805-0-6427845603320748-tmp-tgz.lock
18 silly lockFile d0b2e917-71805-0-6427845603320748-tmp-tgz /var/folders/h2/zsbxnn_53c52sxnmp3jhp4th0000gn/T/npm-2235/1358164471805-0.6427845603320748/tmp.tgz
19 verbose tar unpack /var/folders/h2/zsbxnn_53c52sxnmp3jhp4th0000gn/T/npm-2235/1358164471805-0.6427845603320748/tmp.tgz
20 silly lockFile 48a86f80-71805-0-6427845603320748-package /var/folders/h2/zsbxnn_53c52sxnmp3jhp4th0000gn/T/npm-2235/1358164471805-0.6427845603320748/package
21 verbose lock /var/folders/h2/zsbxnn_53c52sxnmp3jhp4th0000gn/T/npm-2235/1358164471805-0.6427845603320748/package /Users/admin/.npm/48a86f80-71805-0-6427845603320748-package.lock
22 silly gunzTarPerm modes [ '755', '644' ]
23 silly gunzTarPerm extractEntry package.json
24 silly gunzTarPerm extractEntry README.md
25 silly gunzTarPerm extractEntry ender.js
26 silly gunzTarPerm extractEntry slider.js
27 verbose read json /var/folders/h2/zsbxnn_53c52sxnmp3jhp4th0000gn/T/npm-2235/1358164471805-0.6427845603320748/package/package.json
28 silly lockFile 48a86f80-71805-0-6427845603320748-package /var/folders/h2/zsbxnn_53c52sxnmp3jhp4th0000gn/T/npm-2235/1358164471805-0.6427845603320748/package
29 verbose from cache /var/folders/h2/zsbxnn_53c52sxnmp3jhp4th0000gn/T/npm-2235/1358164471805-0.6427845603320748/package/package.json
30 verbose tar pack [ '/Users/admin/.npm/slider/1.0.3/package.tgz',
30 verbose tar pack   '/var/folders/h2/zsbxnn_53c52sxnmp3jhp4th0000gn/T/npm-2235/1358164471805-0.6427845603320748/package' ]
31 verbose tarball /Users/admin/.npm/slider/1.0.3/package.tgz
32 verbose folder /var/folders/h2/zsbxnn_53c52sxnmp3jhp4th0000gn/T/npm-2235/1358164471805-0.6427845603320748/package
33 silly lockFile 5917eed9-min-npm-slider-1-0-3-package-tgz /Users/admin/.npm/slider/1.0.3/package.tgz
34 verbose lock /Users/admin/.npm/slider/1.0.3/package.tgz /Users/admin/.npm/5917eed9-min-npm-slider-1-0-3-package-tgz.lock
35 silly lockFile 5917eed9-min-npm-slider-1-0-3-package-tgz /Users/admin/.npm/slider/1.0.3/package.tgz
36 silly lockFile 0f68bc23-s-admin-npm-slider-1-0-3-package /Users/admin/.npm/slider/1.0.3/package
37 verbose lock /Users/admin/.npm/slider/1.0.3/package /Users/admin/.npm/0f68bc23-s-admin-npm-slider-1-0-3-package.lock
38 silly lockFile 0f68bc23-s-admin-npm-slider-1-0-3-package /Users/admin/.npm/slider/1.0.3/package
39 verbose tar unpack /Users/admin/.npm/slider/1.0.3/package.tgz
40 silly lockFile 0f68bc23-s-admin-npm-slider-1-0-3-package /Users/admin/.npm/slider/1.0.3/package
41 verbose lock /Users/admin/.npm/slider/1.0.3/package /Users/admin/.npm/0f68bc23-s-admin-npm-slider-1-0-3-package.lock
42 silly gunzTarPerm modes [ '755', '644' ]
43 silly gunzTarPerm extractEntry package.json
44 silly gunzTarPerm extractEntry README.md
45 silly gunzTarPerm extractEntry ender.js
46 silly gunzTarPerm extractEntry slider.js
47 verbose read json /Users/admin/.npm/slider/1.0.3/package/package.json
48 silly lockFile 0f68bc23-s-admin-npm-slider-1-0-3-package /Users/admin/.npm/slider/1.0.3/package
49 silly shasum updated bytes 2128
50 info shasum 860d34033f53275e157979fff40b64dc34e9674a
50 info shasum /Users/admin/.npm/slider/1.0.3/package.tgz
51 verbose from cache /Users/admin/.npm/slider/1.0.3/package/package.json
52 verbose chmod /Users/admin/.npm/slider/1.0.3/package.tgz 644
53 verbose chown /Users/admin/.npm/slider/1.0.3/package.tgz [ 501, 20 ]
54 silly lockFile 3a52ce78- .
55 silly publish { name: 'slider',
55 silly publish   description: 'responsive slider for ender',
55 silly publish   version: '1.0.3',
55 silly publish   homepage: 'https://github.com/thomaslanciaux/Slider',
55 silly publish   authors: [ 'Thomas Lanciaux' ],
55 silly publish   repository:
55 silly publish    { type: 'git',
55 silly publish      url: 'git://github.com/thomaslanciaux/Slider.git' },
55 silly publish   dependencies: { jeesh: '*', emile: '*' },
55 silly publish   main: './slider.js',
55 silly publish   ender: './ender.js',
55 silly publish   author:
55 silly publish    { name: 'Thomas Lanciaux',
55 silly publish      email: 'thomaslanciaux4@gmail.com',
55 silly publish      url: 'http://github.com/thomaslanciaux' },
55 silly publish   readme: 'A light and responsive slider module for ender, requires jeesh and emile.',
55 silly publish   readmeFilename: 'README.md',
55 silly publish   _id: 'slider@1.0.3',
55 silly publish   dist: { shasum: '860d34033f53275e157979fff40b64dc34e9674a' } }
56 verbose url raw slider
57 verbose url resolving [ 'https://registry.npmjs.org/', './slider' ]
58 verbose url resolved https://registry.npmjs.org/slider
59 info trying registry request attempt 1 at 11:54:32
60 http PUT https://registry.npmjs.org/slider
61 http 409 https://registry.npmjs.org/slider
62 verbose url raw slider
63 verbose url resolving [ 'https://registry.npmjs.org/', './slider' ]
64 verbose url resolved https://registry.npmjs.org/slider
65 info trying registry request attempt 1 at 11:54:33
66 http GET https://registry.npmjs.org/slider
67 http 200 https://registry.npmjs.org/slider
68 error publish fail Cannot publish over existing version.
68 error publish fail Bump the 'version' field, set the --force flag, or
68 error publish fail     npm unpublish 'slider@1.0.3'
68 error publish fail and try again
69 error System Darwin 12.2.0
70 error command "/usr/local/Cellar/node/0.8.16/bin/node" "/usr/local/bin/npm" "publish"
71 error cwd /Users/admin/Projects/lab/Slider
72 error node -v v0.8.16
73 error npm -v 1.1.69
74 error code EPUBLISHCONFLICT
75 verbose exit [ 1, true ]
